<?xml version="1.0" encoding="UTF-8"?>
<!-- Generated by org.testng.reporters.JUnitXMLReporter -->
<testsuite hostname="linux-HP-Compaq-dc7900-Small-Form-Factor" name="Test" tests="13" failures="0" timestamp="17 Aug 2016 15:05:31 GMT" time="0.538" errors="0">
  <testcase name="test_HomePage" time="0.004" classname="com.ltng01.test.HomePage"/>
  <testcase name="test_HomePage" time="0.0" classname="com.ltng01.test.HomePage"/>
  <testcase name="test_HomePage" time="0.0" classname="com.ltng01.test.HomePage"/>
  <testcase name="test_HomePage" time="0.0" classname="com.ltng01.test.HomePage"/>
  <testcase name="test_HomePage" time="0.001" classname="com.ltng01.test.HomePage"/>
  <testcase name="test_HomePage" time="0.0" classname="com.ltng01.test.HomePage"/>
  <testcase name="test_HomePage" time="0.0" classname="com.ltng01.test.HomePage"/>
  <testcase name="test_HomePage" time="0.001" classname="com.ltng01.test.HomePage"/>
  <testcase name="test_HomePage" time="0.0" classname="com.ltng01.test.HomePage"/>
  <testcase name="test_About" time="0.0" classname="com.ltng01.test.HomePage"/>
  <testcase name="test_Help" time="0.0" classname="com.ltng01.test.HomePage"/>
  <testcase name="test_DashBoard_Login" time="0.0" classname="com.ltng01.test.HomePage"/>
  <testcase name="test_DashBoard_Logout" time="0.0" classname="com.ltng01.test.HomePage"/>
</testsuite> <!-- Test -->
