<?xml version="1.0" encoding="UTF-8"?>
<!-- Generated by org.testng.reporters.JUnitXMLReporter -->
<testsuite hostname="linux-HP-Compaq-dc7900-Small-Form-Factor" name="Default test" tests="13" failures="0" timestamp="12 Aug 2016 18:46:28 GMT" time="1.129" errors="0">
  <testcase name="test_HomePage" time="0.031" classname="com.ltng01.test.HomePage"/>
  <testcase name="test_HomePage" time="0.029" classname="com.ltng01.test.HomePage"/>
  <testcase name="test_HomePage" time="0.007" classname="com.ltng01.test.HomePage"/>
  <testcase name="test_HomePage" time="0.003" classname="com.ltng01.test.HomePage"/>
  <testcase name="test_HomePage" time="0.003" classname="com.ltng01.test.HomePage"/>
  <testcase name="test_HomePage" time="0.003" classname="com.ltng01.test.HomePage"/>
  <testcase name="test_HomePage" time="0.003" classname="com.ltng01.test.HomePage"/>
  <testcase name="test_HomePage" time="0.003" classname="com.ltng01.test.HomePage"/>
  <testcase name="test_HomePage" time="0.003" classname="com.ltng01.test.HomePage"/>
  <testcase name="test_About" time="0.006" classname="com.ltng01.test.HomePage"/>
  <testcase name="test_Help" time="0.002" classname="com.ltng01.test.HomePage"/>
  <testcase name="test_DashBoard_Login" time="0.003" classname="com.ltng01.test.HomePage"/>
  <testcase name="test_DashBoard_Logout" time="0.002" classname="com.ltng01.test.HomePage"/>
</testsuite> <!-- Default test -->
