<?xml version="1.0" encoding="UTF-8"?>
<!-- Generated by org.testng.reporters.JUnitXMLReporter -->
<testsuite hostname="linux-HP-Compaq-dc7900-Small-Form-Factor" name="Test" tests="13" failures="0" timestamp="17 Aug 2016 14:33:28 GMT" time="1.429" errors="0">
  <testcase name="test_HomePage" time="0.018" classname="com.ltng01.test.HomePage"/>
  <testcase name="test_HomePage" time="0.007" classname="com.ltng01.test.HomePage"/>
  <testcase name="test_HomePage" time="0.031" classname="com.ltng01.test.HomePage"/>
  <testcase name="test_HomePage" time="0.01" classname="com.ltng01.test.HomePage"/>
  <testcase name="test_HomePage" time="0.007" classname="com.ltng01.test.HomePage"/>
  <testcase name="test_HomePage" time="0.013" classname="com.ltng01.test.HomePage"/>
  <testcase name="test_HomePage" time="0.008" classname="com.ltng01.test.HomePage"/>
  <testcase name="test_HomePage" time="0.011" classname="com.ltng01.test.HomePage"/>
  <testcase name="test_HomePage" time="0.014" classname="com.ltng01.test.HomePage"/>
  <testcase name="test_About" time="0.003" classname="com.ltng01.test.HomePage"/>
  <testcase name="test_Help" time="0.002" classname="com.ltng01.test.HomePage"/>
  <testcase name="test_DashBoard_Login" time="0.002" classname="com.ltng01.test.HomePage"/>
  <testcase name="test_DashBoard_Logout" time="0.013" classname="com.ltng01.test.HomePage"/>
</testsuite> <!-- Test -->
